<?xml version="1.0" encoding="UTF-8"?>
<robot generator="Robot 7.4.1 (Python 3.13.9 on win32)" generated="2026-01-28T16:11:59.060524" rpa="false" schemaversion="5">
<suite id="s1" name="Tests" source="D:\RND\ROBOT\tests">
<suite id="s1-s1" name="TC01-SignUp" source="D:\RND\ROBOT\tests\TC01-SignUp.robot">
<test id="s1-s1-t1" name="TC01001 - User dapat melakukan daftar akun" line="12">
<kw name="Visit Page" owner="Common" type="SETUP">
<kw name="New Browser" owner="Browser">
<msg time="2026-01-28T16:11:59.614292" level="INFO">{"browser": "chromium", "headless": false, "args": ["--start-maximized"], "chromiumSandbox": false, "devtools": false, "handleSIGHUP": true, "handleSIGINT": true, "handleSIGTERM": true, "slowMo": 0.0, "timeout": 30000.0, "tracesDir": "D:\\RND\\ROBOT\\browser\\traces\\temp\\71508bd3-2054-4fdc-b2cf-6d6efe605fb5"}</msg>
<msg time="2026-01-28T16:11:59.812850" level="INFO">Starting Browser process D:\RND\ROBOT\robot\Lib\site-packages\Browser\wrapper\index.js using at 127.0.0.1:53618</msg>
<msg time="2026-01-28T16:12:01.534753" level="INFO">Successfully created browser with options: {"browser":"chromium","headless":false,"args":["--start-maximized"],"chromiumSandbox":false,"devtools":false,"handleSIGHUP":true,"handleSIGINT":true,"handleSIGTERM":true,"slowMo":0,"timeout":30000,"tracesDir":"D:\\RND\\ROBOT\\browser\\traces\\temp\\71508bd3-2054-4fdc-b2cf-6d6efe605fb5"}</msg>
<arg>${browser}</arg>
<arg>headless=False</arg>
<arg>args=["--start-maximized"]</arg>
<tag>BrowserControl</tag>
<tag>Setter</tag>
<doc>Create a new playwright Browser with specified options.</doc>
<status status="PASS" start="2026-01-28T16:11:59.613075" elapsed="1.922063"/>
</kw>
<kw name="New Context" owner="Browser">
<msg time="2026-01-28T16:12:01.537486" level="INFO">{
  "acceptDownloads": true,
  "bypassCSP": false,
  "forcedColors": "none",
  "ignoreHTTPSErrors": false,
  "javaScriptEnabled": true,
  "offline": false,
  "reducedMotion": "no-preference",
  "serviceWorkers": "allow",
  "viewport": null
}</msg>
<msg time="2026-01-28T16:12:01.554468" level="INFO">Successfully created context. </msg>
<msg time="2026-01-28T16:12:01.554556" level="INFO">{'acceptDownloads': True, 'bypassCSP': False, 'forcedColors': 'none', 'ignoreHTTPSErrors': False, 'javaScriptEnabled': True, 'offline': False, 'reducedMotion': 'no-preference', 'serviceWorkers': 'allow', 'viewport': None}</msg>
<arg>viewport=${None}</arg>
<tag>BrowserControl</tag>
<tag>Setter</tag>
<doc>Create a new BrowserContext with specified options.</doc>
<status status="PASS" start="2026-01-28T16:12:01.535573" elapsed="0.019073"/>
</kw>
<kw name="New Page" owner="Browser">
<msg time="2026-01-28T16:12:07.969680" level="INFO">Successfully initialized new page object and opened url: https://sauce-demo.myshopify.com/</msg>
<arg>${url}</arg>
<tag>BrowserControl</tag>
<tag>Setter</tag>
<doc>Open a new Page.</doc>
<status status="PASS" start="2026-01-28T16:12:01.554842" elapsed="6.415436"/>
</kw>
<kw name="Take Screenshot" owner="Browser">
<msg time="2026-01-28T16:12:08.234133" level="INFO" html="true">&lt;/td&gt;&lt;/tr&gt;&lt;tr&gt;&lt;td colspan="3"&gt;&lt;a href="browser/screenshot/robotframework-browser-screenshot-1.png" target="_blank"&gt;&lt;img src="browser/screenshot/robotframework-browser-screenshot-1.png" width="800px"/&gt;&lt;/a&gt;</msg>
<tag>PageContent</tag>
<doc>Takes a screenshot of the current window or element and saves it to disk.</doc>
<status status="PASS" start="2026-01-28T16:12:07.970813" elapsed="0.263714"/>
</kw>
<status status="PASS" start="2026-01-28T16:11:59.611613" elapsed="8.623199"/>
</kw>
<kw name="Load Json From File" owner="JSONLibrary">
<msg time="2026-01-28T16:12:08.237559" level="INFO">${data} = {'user_pendaftaran': {'first_name': 'Arie', 'last_name': 'Nugroho', 'email': 'arie@nugrohoarie.cloud', 'password': 'SecurePassword123!'}, 'login_not_valid': {'email': 'mukti@nugrohoarie.cloud', 'passw...</msg>
<var>${data}</var>
<arg>D:\\RND\\ROBOT\\tests/../Resources/DataFiles/users.json</arg>
<doc>Load JSON from file.</doc>
<status status="PASS" start="2026-01-28T16:12:08.235677" elapsed="0.001961"/>
</kw>
<kw name="Klik Tombol SIgnUp" owner="SignUpPage">
<kw name="Click" owner="Browser">
<msg time="2026-01-28T16:12:08.240298" level="INFO">Clicks the element 'css=a:has-text("Sign up")'.</msg>
<arg>${BTN_SIGN_UP}</arg>
<tag>PageContent</tag>
<tag>Setter</tag>
<doc>Simulates mouse click on the element found by ``selector``.</doc>
<status status="PASS" start="2026-01-28T16:12:08.239216" elapsed="0.561164"/>
</kw>
<status status="PASS" start="2026-01-28T16:12:08.238491" elapsed="0.562200"/>
</kw>
<kw name="Isi Form Pendaftaran" owner="SignUpPage">
<kw name="Fill Text" owner="Browser">
<msg time="2026-01-28T16:12:08.805512" level="INFO">Fills the text 'Arie' in the given field.</msg>
<arg>${FIELD_FIRST_NAME}</arg>
<arg>${first_name}</arg>
<tag>PageContent</tag>
<tag>Setter</tag>
<doc>Clears and fills the given ``txt`` into the text field found by ``selector``.</doc>
<status status="PASS" start="2026-01-28T16:12:08.804494" elapsed="0.147763"/>
</kw>
<kw name="Fill Text" owner="Browser">
<msg time="2026-01-28T16:12:08.953668" level="INFO">Fills the text 'Nugroho' in the given field.</msg>
<arg>${FIELD_LAST_NAME}</arg>
<arg>${last_name}</arg>
<tag>PageContent</tag>
<tag>Setter</tag>
<doc>Clears and fills the given ``txt`` into the text field found by ``selector``.</doc>
<status status="PASS" start="2026-01-28T16:12:08.952646" elapsed="0.032502"/>
</kw>
<kw name="Fill Text" owner="Browser">
<msg time="2026-01-28T16:12:08.987168" level="INFO">Fills the text 'arie@nugrohoarie.cloud' in the given field.</msg>
<arg>${FIELD_ID}</arg>
<arg>${email}</arg>
<tag>PageContent</tag>
<tag>Setter</tag>
<doc>Clears and fills the given ``txt`` into the text field found by ``selector``.</doc>
<status status="PASS" start="2026-01-28T16:12:08.985691" elapsed="0.023236"/>
</kw>
<kw name="Fill Text" owner="Browser">
<msg time="2026-01-28T16:12:09.010519" level="INFO">Fills the text 'SecurePassword123!' in the given field.</msg>
<arg>${FIELD_PASSWORD}</arg>
<arg>${password}</arg>
<tag>PageContent</tag>
<tag>Setter</tag>
<doc>Clears and fills the given ``txt`` into the text field found by ``selector``.</doc>
<status status="PASS" start="2026-01-28T16:12:09.009345" elapsed="0.018731"/>
</kw>
<arg>${data['user_pendaftaran']['first_name']}</arg>
<arg>${data['user_pendaftaran']['last_name']}</arg>
<arg>${data['user_pendaftaran']['email']}</arg>
<arg>${data['user_pendaftaran']['password']}</arg>
<status status="PASS" start="2026-01-28T16:12:08.801685" elapsed="0.226676"/>
</kw>
<kw name="Klik Tombol Create Account" owner="SignUpPage">
<kw name="Click" owner="Browser">
<msg time="2026-01-28T16:12:09.030963" level="INFO">Clicks the element 'xpath=//form/div[6]/input'.</msg>
<arg>${BTN_CREATE}</arg>
<tag>PageContent</tag>
<tag>Setter</tag>
<doc>Simulates mouse click on the element found by ``selector``.</doc>
<status status="PASS" start="2026-01-28T16:12:09.029877" elapsed="0.060248"/>
</kw>
<status status="PASS" start="2026-01-28T16:12:09.029047" elapsed="0.061474"/>
</kw>
<kw name="Take Screenshot" owner="Browser">
<msg time="2026-01-28T16:12:09.242439" level="INFO" html="true">&lt;/td&gt;&lt;/tr&gt;&lt;tr&gt;&lt;td colspan="3"&gt;&lt;a href="browser/screenshot/robotframework-browser-screenshot-2.png" target="_blank"&gt;&lt;img src="browser/screenshot/robotframework-browser-screenshot-2.png" width="800px"/&gt;&lt;/a&gt;</msg>
<tag>PageContent</tag>
<doc>Takes a screenshot of the current window or element and saves it to disk.</doc>
<status status="PASS" start="2026-01-28T16:12:09.091477" elapsed="0.151324"/>
</kw>
<msg time="2026-01-28T16:12:09.294962" level="INFO">Switching context to context=d0791af3-aa6a-4bb3-ad20-45135786b902 in CURRENT</msg>
<msg time="2026-01-28T16:12:09.312268" level="INFO">Successfully changed active context: context=d0791af3-aa6a-4bb3-ad20-45135786b902</msg>
<msg time="2026-01-28T16:12:09.353981" level="INFO">Successfully closed Context</msg>
<status status="PASS" start="2026-01-28T16:11:59.610144" elapsed="9.633738"/>
</test>
<doc>*Skenario Sign Up*
Test ini bertujuan untuk memastikan user baru dapat mendaftar
menggunakan email yang valid</doc>
<status status="PASS" start="2026-01-28T16:11:59.102918" elapsed="10.252490"/>
</suite>
<suite id="s1-s2" name="TC02-PembelianProduk" source="D:\RND\ROBOT\tests\TC02-PembelianProduk.robot">
<test id="s1-s2-t1" name="TC02001 - User dapat melakukan add to cart dan pembayaran" line="10">
<kw name="Visit Page" owner="Common" type="SETUP">
<kw name="New Browser" owner="Browser">
<msg time="2026-01-28T16:12:09.374016" level="INFO">Switching browser to browser=be05a7bd-fd04-41ad-8b8d-39f894d6a5d3</msg>
<msg time="2026-01-28T16:12:09.377162" level="INFO">Successfully changed active browser: browser=be05a7bd-fd04-41ad-8b8d-39f894d6a5d3</msg>
<msg time="2026-01-28T16:12:09.377356" level="INFO">Reusing existing browser with id: browser=be05a7bd-fd04-41ad-8b8d-39f894d6a5d3</msg>
<arg>${browser}</arg>
<arg>headless=False</arg>
<arg>args=["--start-maximized"]</arg>
<tag>BrowserControl</tag>
<tag>Setter</tag>
<doc>Create a new playwright Browser with specified options.</doc>
<status status="PASS" start="2026-01-28T16:12:09.373039" elapsed="0.004434"/>
</kw>
<kw name="New Context" owner="Browser">
<msg time="2026-01-28T16:12:09.379856" level="INFO">{
  "acceptDownloads": true,
  "bypassCSP": false,
  "forcedColors": "none",
  "ignoreHTTPSErrors": false,
  "javaScriptEnabled": true,
  "offline": false,
  "reducedMotion": "no-preference",
  "serviceWorkers": "allow",
  "viewport": null
}</msg>
<msg time="2026-01-28T16:12:09.391624" level="INFO">Successfully created context. </msg>
<msg time="2026-01-28T16:12:09.391721" level="INFO">{'acceptDownloads': True, 'bypassCSP': False, 'forcedColors': 'none', 'ignoreHTTPSErrors': False, 'javaScriptEnabled': True, 'offline': False, 'reducedMotion': 'no-preference', 'serviceWorkers': 'allow', 'viewport': None}</msg>
<arg>viewport=${None}</arg>
<tag>BrowserControl</tag>
<tag>Setter</tag>
<doc>Create a new BrowserContext with specified options.</doc>
<status status="PASS" start="2026-01-28T16:12:09.377794" elapsed="0.014006"/>
</kw>
<kw name="New Page" owner="Browser">
<msg time="2026-01-28T16:12:10.904116" level="INFO">Successfully initialized new page object and opened url: https://sauce-demo.myshopify.com/</msg>
<arg>${url}</arg>
<tag>BrowserControl</tag>
<tag>Setter</tag>
<doc>Open a new Page.</doc>
<status status="PASS" start="2026-01-28T16:12:09.391986" elapsed="1.512638"/>
</kw>
<kw name="Take Screenshot" owner="Browser">
<msg time="2026-01-28T16:12:11.133330" level="INFO" html="true">&lt;/td&gt;&lt;/tr&gt;&lt;tr&gt;&lt;td colspan="3"&gt;&lt;a href="browser/screenshot/robotframework-browser-screenshot-3.png" target="_blank"&gt;&lt;img src="browser/screenshot/robotframework-browser-screenshot-3.png" width="800px"/&gt;&lt;/a&gt;</msg>
<tag>PageContent</tag>
<doc>Takes a screenshot of the current window or element and saves it to disk.</doc>
<status status="PASS" start="2026-01-28T16:12:10.905046" elapsed="0.228740"/>
</kw>
<status status="PASS" start="2026-01-28T16:12:09.372250" elapsed="1.761809"/>
</kw>
<kw name="Load Json From File" owner="JSONLibrary">
<msg time="2026-01-28T16:12:11.138479" level="INFO">${data} = {'konfigurasiProduk': {'color': 'Red', 'size': 'M'}}</msg>
<var>${data}</var>
<arg>D:\\RND\\ROBOT\\tests/../Resources/DataFiles/konfigurasiProduk.json</arg>
<doc>Load JSON from file.</doc>
<status status="PASS" start="2026-01-28T16:12:11.136038" elapsed="0.002545"/>
</kw>
<kw name="Pilih Produk Pertama" owner="ProductPage">
<kw name="Click" owner="Browser">
<msg time="2026-01-28T16:12:11.141092" level="INFO">Clicks the element '.product &gt;&gt; nth=1'.</msg>
<arg>${PRODUCT_SELECTOR}</arg>
<tag>PageContent</tag>
<tag>Setter</tag>
<doc>Simulates mouse click on the element found by ``selector``.</doc>
<status status="PASS" start="2026-01-28T16:12:11.139991" elapsed="0.179378"/>
</kw>
<status status="PASS" start="2026-01-28T16:12:11.139341" elapsed="0.180611"/>
</kw>
<kw name="Konfigurasi Produk" owner="ProductPage">
<kw name="Select Options By" owner="Browser">
<msg time="2026-01-28T16:12:11.324589" level="INFO">Selects the option(s) M by attribute SelectAttribute.label from element id=product-select-option-0.</msg>
<arg>${SIZE_DROPDOWN}</arg>
<arg>label</arg>
<arg>${size}</arg>
<tag>PageContent</tag>
<tag>Setter</tag>
<doc>Selects options from select element found by ``selector``.</doc>
<status status="PASS" start="2026-01-28T16:12:11.323271" elapsed="0.145885"/>
</kw>
<kw name="Select Options By" owner="Browser">
<msg time="2026-01-28T16:12:11.470774" level="INFO">Selects the option(s) Red by attribute SelectAttribute.label from element id=product-select-option-1.</msg>
<arg>${COLOR_DROPDOWN}</arg>
<arg>label</arg>
<arg>${color}</arg>
<tag>PageContent</tag>
<tag>Setter</tag>
<doc>Selects options from select element found by ``selector``.</doc>
<status status="PASS" start="2026-01-28T16:12:11.469542" elapsed="0.026331"/>
</kw>
<arg>${data['konfigurasiProduk']['size']}</arg>
<arg>${data['konfigurasiProduk']['color']}</arg>
<status status="PASS" start="2026-01-28T16:12:11.320943" elapsed="0.175206"/>
</kw>
<kw name="Tambahkan Ke Keranjang Dan Checkout" owner="ProductPage">
<kw name="Click" owner="Browser">
<msg time="2026-01-28T16:12:11.499246" level="INFO">Clicks the element 'id=add'.</msg>
<arg>${ADD_TO_CART_BTN}</arg>
<tag>PageContent</tag>
<tag>Setter</tag>
<doc>Simulates mouse click on the element found by ``selector``.</doc>
<status status="PASS" start="2026-01-28T16:12:11.498010" elapsed="0.046340"/>
</kw>
<kw name="Click" owner="Browser">
<msg time="2026-01-28T16:12:11.546030" level="INFO">Clicks the element 'role=link[name="Check Out"]'.</msg>
<arg>${CHECKOUT_LINK}</arg>
<tag>PageContent</tag>
<tag>Setter</tag>
<doc>Simulates mouse click on the element found by ``selector``.</doc>
<status status="PASS" start="2026-01-28T16:12:11.544813" elapsed="0.073123"/>
</kw>
<status status="PASS" start="2026-01-28T16:12:11.497006" elapsed="0.121261"/>
</kw>
<kw name="Take Screenshot" owner="Browser">
<msg time="2026-01-28T16:12:11.823223" level="INFO" html="true">&lt;/td&gt;&lt;/tr&gt;&lt;tr&gt;&lt;td colspan="3"&gt;&lt;a href="browser/screenshot/robotframework-browser-screenshot-4.png" target="_blank"&gt;&lt;img src="browser/screenshot/robotframework-browser-screenshot-4.png" width="800px"/&gt;&lt;/a&gt;</msg>
<tag>PageContent</tag>
<doc>Takes a screenshot of the current window or element and saves it to disk.</doc>
<status status="PASS" start="2026-01-28T16:12:11.619096" elapsed="0.204438"/>
</kw>
<msg time="2026-01-28T16:12:11.849381" level="INFO">Switching context to context=130f0379-bfcc-4d6d-ad2c-badf8a4b2c12 in CURRENT</msg>
<msg time="2026-01-28T16:12:11.864371" level="INFO">Successfully changed active context: context=130f0379-bfcc-4d6d-ad2c-badf8a4b2c12</msg>
<msg time="2026-01-28T16:12:11.902305" level="INFO">Successfully closed Context</msg>
<status status="PASS" start="2026-01-28T16:12:09.368611" elapsed="2.456262"/>
</test>
<doc>*Skenario Pembelian Produk*
Test ini bertujuan untuk memastikan user dapat melakukan add to cart dan pembayaran</doc>
<status status="PASS" start="2026-01-28T16:12:09.361835" elapsed="2.542010"/>
</suite>
<suite id="s1-s3" name="TC03-Login" source="D:\RND\ROBOT\tests\TC03-Login.robot">
<test id="s1-s3-t1" name="TC03001 - User dapat melakukan login dengan akun yang terdaftar" line="11">
<kw name="Visit Page" owner="Common" type="SETUP">
<kw name="New Browser" owner="Browser">
<msg time="2026-01-28T16:12:11.927216" level="INFO">Switching browser to browser=be05a7bd-fd04-41ad-8b8d-39f894d6a5d3</msg>
<msg time="2026-01-28T16:12:11.930357" level="INFO">Successfully changed active browser: browser=be05a7bd-fd04-41ad-8b8d-39f894d6a5d3</msg>
<msg time="2026-01-28T16:12:11.930552" level="INFO">Reusing existing browser with id: browser=be05a7bd-fd04-41ad-8b8d-39f894d6a5d3</msg>
<arg>${browser}</arg>
<arg>headless=False</arg>
<arg>args=["--start-maximized"]</arg>
<tag>BrowserControl</tag>
<tag>Setter</tag>
<doc>Create a new playwright Browser with specified options.</doc>
<status status="PASS" start="2026-01-28T16:12:11.926442" elapsed="0.004218"/>
</kw>
<kw name="New Context" owner="Browser">
<msg time="2026-01-28T16:12:11.933943" level="INFO">{
  "acceptDownloads": true,
  "bypassCSP": false,
  "forcedColors": "none",
  "ignoreHTTPSErrors": false,
  "javaScriptEnabled": true,
  "offline": false,
  "reducedMotion": "no-preference",
  "serviceWorkers": "allow",
  "viewport": null
}</msg>
<msg time="2026-01-28T16:12:11.946069" level="INFO">Successfully created context. </msg>
<msg time="2026-01-28T16:12:11.946160" level="INFO">{'acceptDownloads': True, 'bypassCSP': False, 'forcedColors': 'none', 'ignoreHTTPSErrors': False, 'javaScriptEnabled': True, 'offline': False, 'reducedMotion': 'no-preference', 'serviceWorkers': 'allow', 'viewport': None}</msg>
<arg>viewport=${None}</arg>
<tag>BrowserControl</tag>
<tag>Setter</tag>
<doc>Create a new BrowserContext with specified options.</doc>
<status status="PASS" start="2026-01-28T16:12:11.931357" elapsed="0.014877"/>
</kw>
<kw name="New Page" owner="Browser">
<msg time="2026-01-28T16:12:13.292382" level="INFO">Successfully initialized new page object and opened url: https://sauce-demo.myshopify.com/</msg>
<arg>${url}</arg>
<tag>BrowserControl</tag>
<tag>Setter</tag>
<doc>Open a new Page.</doc>
<status status="PASS" start="2026-01-28T16:12:11.946588" elapsed="1.346186"/>
</kw>
<kw name="Take Screenshot" owner="Browser">
<msg time="2026-01-28T16:12:13.579588" level="INFO" html="true">&lt;/td&gt;&lt;/tr&gt;&lt;tr&gt;&lt;td colspan="3"&gt;&lt;a href="browser/screenshot/robotframework-browser-screenshot-5.png" target="_blank"&gt;&lt;img src="browser/screenshot/robotframework-browser-screenshot-5.png" width="800px"/&gt;&lt;/a&gt;</msg>
<tag>PageContent</tag>
<doc>Takes a screenshot of the current window or element and saves it to disk.</doc>
<status status="PASS" start="2026-01-28T16:12:13.293171" elapsed="0.286706"/>
</kw>
<status status="PASS" start="2026-01-28T16:12:11.925869" elapsed="1.654200"/>
</kw>
<kw name="Load Json From File" owner="JSONLibrary">
<msg time="2026-01-28T16:12:13.582992" level="INFO">${data} = {'user_pendaftaran': {'first_name': 'Arie', 'last_name': 'Nugroho', 'email': 'arie@nugrohoarie.cloud', 'password': 'SecurePassword123!'}, 'login_not_valid': {'email': 'mukti@nugrohoarie.cloud', 'passw...</msg>
<var>${data}</var>
<arg>D:\\RND\\ROBOT\\tests/../Resources/DataFiles/users.json</arg>
<doc>Load JSON from file.</doc>
<status status="PASS" start="2026-01-28T16:12:13.581080" elapsed="0.002011"/>
</kw>
<kw name="Klik Tombol Login" owner="LoginPage">
<kw name="Click" owner="Browser">
<msg time="2026-01-28T16:12:13.585589" level="INFO">Clicks the element 'css=a:has-text("Log In")'.</msg>
<arg>${BTN_LOGIN}</arg>
<tag>PageContent</tag>
<tag>Setter</tag>
<doc>Simulates mouse click on the element found by ``selector``.</doc>
<status status="PASS" start="2026-01-28T16:12:13.584463" elapsed="0.474491"/>
</kw>
<status status="PASS" start="2026-01-28T16:12:13.583732" elapsed="0.475470"/>
</kw>
<kw name="Isi Form Login" owner="LoginPage">
<kw name="Fill Text" owner="Browser">
<msg time="2026-01-28T16:12:14.067301" level="INFO">Fills the text 'arie@nugrohoarie.cloud' in the given field.</msg>
<arg>${FIELD_EMAIL}</arg>
<arg>${email}</arg>
<tag>PageContent</tag>
<tag>Setter</tag>
<doc>Clears and fills the given ``txt`` into the text field found by ``selector``.</doc>
<status status="PASS" start="2026-01-28T16:12:14.066093" elapsed="0.136213"/>
</kw>
<kw name="Fill Text" owner="Browser">
<msg time="2026-01-28T16:12:14.204725" level="INFO">Fills the text 'SecurePassword123!' in the given field.</msg>
<arg>${FIELD_PASSWORD}</arg>
<arg>${password}</arg>
<tag>PageContent</tag>
<tag>Setter</tag>
<doc>Clears and fills the given ``txt`` into the text field found by ``selector``.</doc>
<status status="PASS" start="2026-01-28T16:12:14.202856" elapsed="0.023110"/>
</kw>
<arg>${data['user_pendaftaran']['email']}</arg>
<arg>${data['user_pendaftaran']['password']}</arg>
<status status="PASS" start="2026-01-28T16:12:14.063953" elapsed="0.162310"/>
</kw>
<kw name="Klik Tombol SignIn" owner="LoginPage">
<kw name="Click" owner="Browser">
<msg time="2026-01-28T16:12:14.229027" level="INFO">Clicks the element 'css=input[type="submit"][value="Sign In"]'.</msg>
<arg>${BTN_SIGNIN}</arg>
<tag>PageContent</tag>
<tag>Setter</tag>
<doc>Simulates mouse click on the element found by ``selector``.</doc>
<status status="PASS" start="2026-01-28T16:12:14.228068" elapsed="0.058925"/>
</kw>
<status status="PASS" start="2026-01-28T16:12:14.227277" elapsed="0.060118"/>
</kw>
<kw name="Get Url" owner="Browser">
<arg>contains</arg>
<arg>/account</arg>
<tag>Assertion</tag>
<tag>Getter</tag>
<tag>PageContent</tag>
<doc>Returns the current URL.</doc>
<status status="PASS" start="2026-01-28T16:12:14.288140" elapsed="0.006464"/>
</kw>
<kw name="Take Screenshot" owner="Browser">
<msg time="2026-01-28T16:12:14.455200" level="INFO" html="true">&lt;/td&gt;&lt;/tr&gt;&lt;tr&gt;&lt;td colspan="3"&gt;&lt;a href="browser/screenshot/robotframework-browser-screenshot-6.png" target="_blank"&gt;&lt;img src="browser/screenshot/robotframework-browser-screenshot-6.png" width="800px"/&gt;&lt;/a&gt;</msg>
<tag>PageContent</tag>
<doc>Takes a screenshot of the current window or element and saves it to disk.</doc>
<status status="PASS" start="2026-01-28T16:12:14.295496" elapsed="0.159965"/>
</kw>
<msg time="2026-01-28T16:12:14.517575" level="INFO">Switching context to context=453edd81-f698-4f4d-b576-a426037b07b0 in CURRENT</msg>
<msg time="2026-01-28T16:12:14.533456" level="INFO">Successfully changed active context: context=453edd81-f698-4f4d-b576-a426037b07b0</msg>
<msg time="2026-01-28T16:12:14.587217" level="INFO">Successfully closed Context</msg>
<status status="PASS" start="2026-01-28T16:12:11.922212" elapsed="2.534219"/>
</test>
<test id="s1-s3-t2" name="TC03002 - User tidak dapat melakukan login dengan akun yang tidak terdaftar" line="22">
<kw name="Visit Page" owner="Common" type="SETUP">
<kw name="New Browser" owner="Browser">
<msg time="2026-01-28T16:12:14.591558" level="INFO">Switching browser to browser=be05a7bd-fd04-41ad-8b8d-39f894d6a5d3</msg>
<msg time="2026-01-28T16:12:14.593264" level="INFO">Successfully changed active browser: browser=be05a7bd-fd04-41ad-8b8d-39f894d6a5d3</msg>
<msg time="2026-01-28T16:12:14.593372" level="INFO">Reusing existing browser with id: browser=be05a7bd-fd04-41ad-8b8d-39f894d6a5d3</msg>
<arg>${browser}</arg>
<arg>headless=False</arg>
<arg>args=["--start-maximized"]</arg>
<tag>BrowserControl</tag>
<tag>Setter</tag>
<doc>Create a new playwright Browser with specified options.</doc>
<status status="PASS" start="2026-01-28T16:12:14.591011" elapsed="0.002447"/>
</kw>
<kw name="New Context" owner="Browser">
<msg time="2026-01-28T16:12:14.595516" level="INFO">{
  "acceptDownloads": true,
  "bypassCSP": false,
  "forcedColors": "none",
  "ignoreHTTPSErrors": false,
  "javaScriptEnabled": true,
  "offline": false,
  "reducedMotion": "no-preference",
  "serviceWorkers": "allow",
  "viewport": null
}</msg>
<msg time="2026-01-28T16:12:14.628507" level="INFO">Successfully created context. </msg>
<msg time="2026-01-28T16:12:14.628663" level="INFO">{'acceptDownloads': True, 'bypassCSP': False, 'forcedColors': 'none', 'ignoreHTTPSErrors': False, 'javaScriptEnabled': True, 'offline': False, 'reducedMotion': 'no-preference', 'serviceWorkers': 'allow', 'viewport': None}</msg>
<arg>viewport=${None}</arg>
<tag>BrowserControl</tag>
<tag>Setter</tag>
<doc>Create a new BrowserContext with specified options.</doc>
<status status="PASS" start="2026-01-28T16:12:14.593652" elapsed="0.035094"/>
</kw>
<kw name="New Page" owner="Browser">
<msg time="2026-01-28T16:12:15.975064" level="INFO">Successfully initialized new page object and opened url: https://sauce-demo.myshopify.com/</msg>
<arg>${url}</arg>
<tag>BrowserControl</tag>
<tag>Setter</tag>
<doc>Open a new Page.</doc>
<status status="PASS" start="2026-01-28T16:12:14.628947" elapsed="1.346475"/>
</kw>
<kw name="Take Screenshot" owner="Browser">
<msg time="2026-01-28T16:12:16.200846" level="INFO" html="true">&lt;/td&gt;&lt;/tr&gt;&lt;tr&gt;&lt;td colspan="3"&gt;&lt;a href="browser/screenshot/robotframework-browser-screenshot-7.png" target="_blank"&gt;&lt;img src="browser/screenshot/robotframework-browser-screenshot-7.png" width="800px"/&gt;&lt;/a&gt;</msg>
<tag>PageContent</tag>
<doc>Takes a screenshot of the current window or element and saves it to disk.</doc>
<status status="PASS" start="2026-01-28T16:12:15.976007" elapsed="0.225142"/>
</kw>
<status status="PASS" start="2026-01-28T16:12:14.590596" elapsed="1.610711"/>
</kw>
<kw name="Load Json From File" owner="JSONLibrary">
<msg time="2026-01-28T16:12:16.202964" level="INFO">${data} = {'user_pendaftaran': {'first_name': 'Arie', 'last_name': 'Nugroho', 'email': 'arie@nugrohoarie.cloud', 'password': 'SecurePassword123!'}, 'login_not_valid': {'email': 'mukti@nugrohoarie.cloud', 'passw...</msg>
<var>${data}</var>
<arg>D:\\RND\\ROBOT\\tests/../Resources/DataFiles/users.json</arg>
<doc>Load JSON from file.</doc>
<status status="PASS" start="2026-01-28T16:12:16.201799" elapsed="0.001236"/>
</kw>
<kw name="Klik Tombol Login" owner="LoginPage">
<kw name="Click" owner="Browser">
<msg time="2026-01-28T16:12:16.204698" level="INFO">Clicks the element 'css=a:has-text("Log In")'.</msg>
<arg>${BTN_LOGIN}</arg>
<tag>PageContent</tag>
<tag>Setter</tag>
<doc>Simulates mouse click on the element found by ``selector``.</doc>
<status status="PASS" start="2026-01-28T16:12:16.203789" elapsed="0.467739"/>
</kw>
<status status="PASS" start="2026-01-28T16:12:16.203394" elapsed="0.468323"/>
</kw>
<kw name="Isi Form Login" owner="LoginPage">
<kw name="Fill Text" owner="Browser">
<msg time="2026-01-28T16:12:16.674932" level="INFO">Fills the text 'mukti@nugrohoarie.cloud' in the given field.</msg>
<arg>${FIELD_EMAIL}</arg>
<arg>${email}</arg>
<tag>PageContent</tag>
<tag>Setter</tag>
<doc>Clears and fills the given ``txt`` into the text field found by ``selector``.</doc>
<status status="PASS" start="2026-01-28T16:12:16.673836" elapsed="0.149021"/>
</kw>
<kw name="Fill Text" owner="Browser">
<msg time="2026-01-28T16:12:16.824700" level="INFO">Fills the text 'SecurePassword123!' in the given field.</msg>
<arg>${FIELD_PASSWORD}</arg>
<arg>${password}</arg>
<tag>PageContent</tag>
<tag>Setter</tag>
<doc>Clears and fills the given ``txt`` into the text field found by ``selector``.</doc>
<status status="PASS" start="2026-01-28T16:12:16.823406" elapsed="0.028564"/>
</kw>
<arg>${data['login_not_valid']['email']}</arg>
<arg>${data['login_not_valid']['password']}</arg>
<status status="PASS" start="2026-01-28T16:12:16.672396" elapsed="0.179793"/>
</kw>
<kw name="Klik Tombol SignIn" owner="LoginPage">
<kw name="Click" owner="Browser">
<msg time="2026-01-28T16:12:16.854753" level="INFO">Clicks the element 'css=input[type="submit"][value="Sign In"]'.</msg>
<arg>${BTN_SIGNIN}</arg>
<tag>PageContent</tag>
<tag>Setter</tag>
<doc>Simulates mouse click on the element found by ``selector``.</doc>
<status status="PASS" start="2026-01-28T16:12:16.853713" elapsed="0.045686"/>
</kw>
<status status="PASS" start="2026-01-28T16:12:16.852994" elapsed="0.046751"/>
</kw>
<kw name="Should Contain" owner="BuiltIn">
<arg>${ERROR_MESSAGE}</arg>
<arg>'Incorrect email or password.'</arg>
<doc>Fails if ``container`` does not contain ``item`` one or more times.</doc>
<status status="PASS" start="2026-01-28T16:12:16.900551" elapsed="0.002034"/>
</kw>
<kw name="Take Screenshot" owner="Browser">
<msg time="2026-01-28T16:12:17.046688" level="INFO" html="true">&lt;/td&gt;&lt;/tr&gt;&lt;tr&gt;&lt;td colspan="3"&gt;&lt;a href="browser/screenshot/robotframework-browser-screenshot-8.png" target="_blank"&gt;&lt;img src="browser/screenshot/robotframework-browser-screenshot-8.png" width="800px"/&gt;&lt;/a&gt;</msg>
<tag>PageContent</tag>
<doc>Takes a screenshot of the current window or element and saves it to disk.</doc>
<status status="PASS" start="2026-01-28T16:12:16.903252" elapsed="0.143732"/>
</kw>
<msg time="2026-01-28T16:12:17.076936" level="INFO">Switching context to context=05f646fb-e264-4556-817a-a4d602b9358e in CURRENT</msg>
<msg time="2026-01-28T16:12:17.088782" level="INFO">Successfully changed active context: context=05f646fb-e264-4556-817a-a4d602b9358e</msg>
<msg time="2026-01-28T16:12:17.149592" level="INFO">Successfully closed Context</msg>
<status status="PASS" start="2026-01-28T16:12:14.588260" elapsed="2.459277"/>
</test>
<doc>*Skenario Login*
Test ini bertujuan untuk memastikan user baru dapat mendaftar
menggunakan email terdaftar dan tidak bisa login menggunakan user yang tidak terdaftar</doc>
<status status="PASS" start="2026-01-28T16:12:11.911242" elapsed="5.240354"/>
</suite>
<status status="PASS" start="2026-01-28T16:11:59.063432" elapsed="18.094446"/>
</suite>
<statistics>
<total>
<stat pass="4" fail="0" skip="0">All Tests</stat>
</total>
<tag>
</tag>
<suite>
<stat name="Tests" id="s1" pass="4" fail="0" skip="0">Tests</stat>
<stat name="TC01-SignUp" id="s1-s1" pass="1" fail="0" skip="0">Tests.TC01-SignUp</stat>
<stat name="TC02-PembelianProduk" id="s1-s2" pass="1" fail="0" skip="0">Tests.TC02-PembelianProduk</stat>
<stat name="TC03-Login" id="s1-s3" pass="2" fail="0" skip="0">Tests.TC03-Login</stat>
</suite>
</statistics>
<errors>
</errors>
</robot>
