<?xml version="1.0" encoding="UTF-8"?>
<robot generator="Robot 7.4.1 (Python 3.13.9 on win32)" generated="2026-01-28T14:16:24.536871" rpa="false" schemaversion="5">
<suite id="s1" name="TC03-Login" source="D:\RND\ROBOT\tests\TC03-Login.robot">
<test id="s1-t1" name="User dapat melakukan login dengan akun yang terdaftar" line="9">
<kw name="Visit Page" owner="Common" type="SETUP">
<kw name="New Browser" owner="Browser">
<msg time="2026-01-28T14:16:25.370786" level="INFO">{"browser": "chromium", "headless": false, "args": ["--start-maximized"], "chromiumSandbox": false, "devtools": false, "handleSIGHUP": true, "handleSIGINT": true, "handleSIGTERM": true, "slowMo": 0.0, "timeout": 30000.0, "tracesDir": "D:\\RND\\ROBOT\\browser\\traces\\temp\\d4e23a34-3a33-4148-aefb-de171ba05ae4"}</msg>
<msg time="2026-01-28T14:16:25.566244" level="INFO">Starting Browser process D:\RND\ROBOT\robot\Lib\site-packages\Browser\wrapper\index.js using at 127.0.0.1:56180</msg>
<msg time="2026-01-28T14:16:27.260339" level="INFO">Successfully created browser with options: {"browser":"chromium","headless":false,"args":["--start-maximized"],"chromiumSandbox":false,"devtools":false,"handleSIGHUP":true,"handleSIGINT":true,"handleSIGTERM":true,"slowMo":0,"timeout":30000,"tracesDir":"D:\\RND\\ROBOT\\browser\\traces\\temp\\d4e23a34-3a33-4148-aefb-de171ba05ae4"}</msg>
<arg>${browser}</arg>
<arg>headless=False</arg>
<arg>args=["--start-maximized"]</arg>
<tag>BrowserControl</tag>
<tag>Setter</tag>
<doc>Create a new playwright Browser with specified options.</doc>
<status status="PASS" start="2026-01-28T14:16:25.369803" elapsed="1.891053"/>
</kw>
<kw name="New Context" owner="Browser">
<msg time="2026-01-28T14:16:27.264160" level="INFO">{
  "acceptDownloads": true,
  "bypassCSP": false,
  "forcedColors": "none",
  "ignoreHTTPSErrors": false,
  "javaScriptEnabled": true,
  "offline": false,
  "reducedMotion": "no-preference",
  "serviceWorkers": "allow",
  "viewport": null
}</msg>
<msg time="2026-01-28T14:16:27.286285" level="INFO">Successfully created context. </msg>
<msg time="2026-01-28T14:16:27.286467" level="INFO">{'acceptDownloads': True, 'bypassCSP': False, 'forcedColors': 'none', 'ignoreHTTPSErrors': False, 'javaScriptEnabled': True, 'offline': False, 'reducedMotion': 'no-preference', 'serviceWorkers': 'allow', 'viewport': None}</msg>
<arg>viewport=${None}</arg>
<tag>BrowserControl</tag>
<tag>Setter</tag>
<doc>Create a new BrowserContext with specified options.</doc>
<status status="PASS" start="2026-01-28T14:16:27.261357" elapsed="0.025277"/>
</kw>
<kw name="New Page" owner="Browser">
<msg time="2026-01-28T14:16:29.745063" level="INFO">Successfully initialized new page object and opened url: https://sauce-demo.myshopify.com/</msg>
<arg>${url}</arg>
<tag>BrowserControl</tag>
<tag>Setter</tag>
<doc>Open a new Page.</doc>
<status status="PASS" start="2026-01-28T14:16:27.287049" elapsed="2.458580"/>
</kw>
<kw name="Take Screenshot" owner="Browser">
<msg time="2026-01-28T14:16:30.011918" level="INFO" html="true">&lt;/td&gt;&lt;/tr&gt;&lt;tr&gt;&lt;td colspan="3"&gt;&lt;a href="browser/screenshot/robotframework-browser-screenshot-1.png" target="_blank"&gt;&lt;img src="browser/screenshot/robotframework-browser-screenshot-1.png" width="800px"/&gt;&lt;/a&gt;</msg>
<tag>PageContent</tag>
<doc>Takes a screenshot of the current window or element and saves it to disk.</doc>
<status status="PASS" start="2026-01-28T14:16:29.746263" elapsed="0.265984"/>
</kw>
<status status="PASS" start="2026-01-28T14:16:25.368965" elapsed="4.643538"/>
</kw>
<kw name="Load Json From File" owner="JSONLibrary">
<msg time="2026-01-28T14:16:30.021968" level="INFO">${data} = {'user_pendaftaran': {'first_name': 'Arie', 'last_name': 'Nugroho', 'email': 'arie@nugrohoarie.cloud', 'password': 'SecurePassword123!'}, 'login_not_valid': {'email': 'mukti@nugrohoarie.cloud', 'passw...</msg>
<var>${data}</var>
<arg>D:\\RND\\ROBOT\\tests/../Resources/DataFiles/users.json</arg>
<doc>Load JSON from file.</doc>
<status status="PASS" start="2026-01-28T14:16:30.020354" elapsed="0.001697"/>
</kw>
<kw name="Klik Tombol Login" owner="LoginPage">
<kw name="Click" owner="Browser">
<msg time="2026-01-28T14:16:30.025259" level="INFO">Clicks the element 'css=a:has-text("Log In")'.</msg>
<arg>${BTN_LOGIN}</arg>
<tag>PageContent</tag>
<tag>Setter</tag>
<doc>Simulates mouse click on the element found by ``selector``.</doc>
<status status="PASS" start="2026-01-28T14:16:30.024187" elapsed="0.452936"/>
</kw>
<status status="PASS" start="2026-01-28T14:16:30.023462" elapsed="0.453973"/>
</kw>
<kw name="Isi Form Login" owner="LoginPage">
<kw name="Fill Text" owner="Browser">
<msg time="2026-01-28T14:16:30.481506" level="INFO">Fills the text 'arie@nugrohoarie.cloud' in the given field.</msg>
<arg>${FIELD_EMAIL}</arg>
<arg>${email}</arg>
<tag>PageContent</tag>
<tag>Setter</tag>
<doc>Clears and fills the given ``txt`` into the text field found by ``selector``.</doc>
<status status="PASS" start="2026-01-28T14:16:30.480257" elapsed="0.141696"/>
</kw>
<kw name="Fill Text" owner="Browser">
<msg time="2026-01-28T14:16:30.623505" level="INFO">Fills the text 'SecurePassword123!' in the given field.</msg>
<arg>${FIELD_PASSWORD}</arg>
<arg>${password}</arg>
<tag>PageContent</tag>
<tag>Setter</tag>
<doc>Clears and fills the given ``txt`` into the text field found by ``selector``.</doc>
<status status="PASS" start="2026-01-28T14:16:30.622375" elapsed="0.034290"/>
</kw>
<arg>${data['user_pendaftaran']['email']}</arg>
<arg>${data['user_pendaftaran']['password']}</arg>
<status status="PASS" start="2026-01-28T14:16:30.478222" elapsed="0.178794"/>
</kw>
<kw name="Klik Tombol SignIn" owner="LoginPage">
<kw name="Click" owner="Browser">
<msg time="2026-01-28T14:16:30.660205" level="INFO">Clicks the element 'css=input[type="submit"][value="Sign In"]'.</msg>
<arg>${BTN_SIGNIN}</arg>
<tag>PageContent</tag>
<tag>Setter</tag>
<doc>Simulates mouse click on the element found by ``selector``.</doc>
<status status="PASS" start="2026-01-28T14:16:30.659019" elapsed="0.061707"/>
</kw>
<status status="PASS" start="2026-01-28T14:16:30.657978" elapsed="0.063711"/>
</kw>
<kw name="Get Url" owner="Browser">
<arg>contains</arg>
<arg>/account</arg>
<tag>Assertion</tag>
<tag>Getter</tag>
<tag>PageContent</tag>
<doc>Returns the current URL.</doc>
<status status="PASS" start="2026-01-28T14:16:30.722299" elapsed="0.006825"/>
</kw>
<kw name="Take Screenshot" owner="Browser">
<msg time="2026-01-28T14:16:30.885774" level="INFO" html="true">&lt;/td&gt;&lt;/tr&gt;&lt;tr&gt;&lt;td colspan="3"&gt;&lt;a href="browser/screenshot/robotframework-browser-screenshot-2.png" target="_blank"&gt;&lt;img src="browser/screenshot/robotframework-browser-screenshot-2.png" width="800px"/&gt;&lt;/a&gt;</msg>
<tag>PageContent</tag>
<doc>Takes a screenshot of the current window or element and saves it to disk.</doc>
<status status="PASS" start="2026-01-28T14:16:30.730023" elapsed="0.156057"/>
</kw>
<msg time="2026-01-28T14:16:30.956272" level="INFO">Switching context to context=171018f6-065d-4523-a747-739c3f7e44e9 in CURRENT</msg>
<msg time="2026-01-28T14:16:30.970118" level="INFO">Successfully changed active context: context=171018f6-065d-4523-a747-739c3f7e44e9</msg>
<msg time="2026-01-28T14:16:31.020710" level="INFO">Successfully closed Context</msg>
<status status="PASS" start="2026-01-28T14:16:25.367816" elapsed="5.519516"/>
</test>
<test id="s1-t2" name="User tidak dapat melakukan login dengan akun yang tidak terdaftar" line="21">
<kw name="Visit Page" owner="Common" type="SETUP">
<kw name="New Browser" owner="Browser">
<msg time="2026-01-28T14:16:31.029270" level="INFO">Switching browser to browser=13031eae-df8e-40f4-9f56-10552da50fb4</msg>
<msg time="2026-01-28T14:16:31.033167" level="INFO">Successfully changed active browser: browser=13031eae-df8e-40f4-9f56-10552da50fb4</msg>
<msg time="2026-01-28T14:16:31.033287" level="INFO">Reusing existing browser with id: browser=13031eae-df8e-40f4-9f56-10552da50fb4</msg>
<arg>${browser}</arg>
<arg>headless=False</arg>
<arg>args=["--start-maximized"]</arg>
<tag>BrowserControl</tag>
<tag>Setter</tag>
<doc>Create a new playwright Browser with specified options.</doc>
<status status="PASS" start="2026-01-28T14:16:31.027865" elapsed="0.005496"/>
</kw>
<kw name="New Context" owner="Browser">
<msg time="2026-01-28T14:16:31.035347" level="INFO">{
  "acceptDownloads": true,
  "bypassCSP": false,
  "forcedColors": "none",
  "ignoreHTTPSErrors": false,
  "javaScriptEnabled": true,
  "offline": false,
  "reducedMotion": "no-preference",
  "serviceWorkers": "allow",
  "viewport": null
}</msg>
<msg time="2026-01-28T14:16:31.077826" level="INFO">Successfully created context. </msg>
<msg time="2026-01-28T14:16:31.077917" level="INFO">{'acceptDownloads': True, 'bypassCSP': False, 'forcedColors': 'none', 'ignoreHTTPSErrors': False, 'javaScriptEnabled': True, 'offline': False, 'reducedMotion': 'no-preference', 'serviceWorkers': 'allow', 'viewport': None}</msg>
<arg>viewport=${None}</arg>
<tag>BrowserControl</tag>
<tag>Setter</tag>
<doc>Create a new BrowserContext with specified options.</doc>
<status status="PASS" start="2026-01-28T14:16:31.033878" elapsed="0.044116"/>
</kw>
<kw name="New Page" owner="Browser">
<msg time="2026-01-28T14:16:34.222622" level="INFO">Successfully initialized new page object and opened url: https://sauce-demo.myshopify.com/</msg>
<arg>${url}</arg>
<tag>BrowserControl</tag>
<tag>Setter</tag>
<doc>Open a new Page.</doc>
<status status="PASS" start="2026-01-28T14:16:31.078179" elapsed="3.145082"/>
</kw>
<kw name="Take Screenshot" owner="Browser">
<msg time="2026-01-28T14:16:34.470547" level="INFO" html="true">&lt;/td&gt;&lt;/tr&gt;&lt;tr&gt;&lt;td colspan="3"&gt;&lt;a href="browser/screenshot/robotframework-browser-screenshot-3.png" target="_blank"&gt;&lt;img src="browser/screenshot/robotframework-browser-screenshot-3.png" width="800px"/&gt;&lt;/a&gt;</msg>
<tag>PageContent</tag>
<doc>Takes a screenshot of the current window or element and saves it to disk.</doc>
<status status="PASS" start="2026-01-28T14:16:34.223877" elapsed="0.246972"/>
</kw>
<status status="PASS" start="2026-01-28T14:16:31.026549" elapsed="3.444522"/>
</kw>
<kw name="Load Json From File" owner="JSONLibrary">
<msg time="2026-01-28T14:16:34.474148" level="INFO">${data} = {'user_pendaftaran': {'first_name': 'Arie', 'last_name': 'Nugroho', 'email': 'arie@nugrohoarie.cloud', 'password': 'SecurePassword123!'}, 'login_not_valid': {'email': 'mukti@nugrohoarie.cloud', 'passw...</msg>
<var>${data}</var>
<arg>D:\\RND\\ROBOT\\tests/../Resources/DataFiles/users.json</arg>
<doc>Load JSON from file.</doc>
<status status="PASS" start="2026-01-28T14:16:34.472481" elapsed="0.001755"/>
</kw>
<kw name="Klik Tombol Login" owner="LoginPage">
<kw name="Click" owner="Browser">
<msg time="2026-01-28T14:16:34.476406" level="INFO">Clicks the element 'css=a:has-text("Log In")'.</msg>
<arg>${BTN_LOGIN}</arg>
<tag>PageContent</tag>
<tag>Setter</tag>
<doc>Simulates mouse click on the element found by ``selector``.</doc>
<status status="PASS" start="2026-01-28T14:16:34.475466" elapsed="0.526831"/>
</kw>
<status status="PASS" start="2026-01-28T14:16:34.474790" elapsed="0.527798"/>
</kw>
<kw name="Isi Form Login" owner="LoginPage">
<kw name="Fill Text" owner="Browser">
<msg time="2026-01-28T14:16:35.008601" level="INFO">Fills the text 'mukti@nugrohoarie.cloud' in the given field.</msg>
<arg>${FIELD_EMAIL}</arg>
<arg>${email}</arg>
<tag>PageContent</tag>
<tag>Setter</tag>
<doc>Clears and fills the given ``txt`` into the text field found by ``selector``.</doc>
<status status="PASS" start="2026-01-28T14:16:35.007362" elapsed="0.129683"/>
</kw>
<kw name="Fill Text" owner="Browser">
<msg time="2026-01-28T14:16:35.139207" level="INFO">Fills the text 'SecurePassword123!' in the given field.</msg>
<arg>${FIELD_PASSWORD}</arg>
<arg>${password}</arg>
<tag>PageContent</tag>
<tag>Setter</tag>
<doc>Clears and fills the given ``txt`` into the text field found by ``selector``.</doc>
<status status="PASS" start="2026-01-28T14:16:35.137892" elapsed="0.033244"/>
</kw>
<arg>${data['login_not_valid']['email']}</arg>
<arg>${data['login_not_valid']['password']}</arg>
<status status="PASS" start="2026-01-28T14:16:35.004945" elapsed="0.166812"/>
</kw>
<kw name="Klik Tombol SignIn" owner="LoginPage">
<kw name="Click" owner="Browser">
<msg time="2026-01-28T14:16:35.175126" level="INFO">Clicks the element 'css=input[type="submit"][value="Sign In"]'.</msg>
<arg>${BTN_SIGNIN}</arg>
<tag>PageContent</tag>
<tag>Setter</tag>
<doc>Simulates mouse click on the element found by ``selector``.</doc>
<status status="PASS" start="2026-01-28T14:16:35.174026" elapsed="0.074983"/>
</kw>
<status status="PASS" start="2026-01-28T14:16:35.173011" elapsed="0.076292"/>
</kw>
<kw name="Should Contain" owner="BuiltIn">
<arg>${ERROR_MESSAGE}</arg>
<arg>'Incorrect email or password.'</arg>
<doc>Fails if ``container`` does not contain ``item`` one or more times.</doc>
<status status="PASS" start="2026-01-28T14:16:35.250061" elapsed="0.001863"/>
</kw>
<kw name="Take Screenshot" owner="Browser">
<msg time="2026-01-28T14:16:35.420211" level="INFO" html="true">&lt;/td&gt;&lt;/tr&gt;&lt;tr&gt;&lt;td colspan="3"&gt;&lt;a href="browser/screenshot/robotframework-browser-screenshot-4.png" target="_blank"&gt;&lt;img src="browser/screenshot/robotframework-browser-screenshot-4.png" width="800px"/&gt;&lt;/a&gt;</msg>
<tag>PageContent</tag>
<doc>Takes a screenshot of the current window or element and saves it to disk.</doc>
<status status="PASS" start="2026-01-28T14:16:35.253857" elapsed="0.166676"/>
</kw>
<msg time="2026-01-28T14:16:35.464148" level="INFO">Switching context to context=516c1283-c4fa-4627-b70e-20b25100eae0 in CURRENT</msg>
<msg time="2026-01-28T14:16:35.479364" level="INFO">Successfully changed active context: context=516c1283-c4fa-4627-b70e-20b25100eae0</msg>
<msg time="2026-01-28T14:16:35.528083" level="INFO">Successfully closed Context</msg>
<status status="PASS" start="2026-01-28T14:16:31.022762" elapsed="4.398455"/>
</test>
<status status="PASS" start="2026-01-28T14:16:24.541005" elapsed="10.988825"/>
</suite>
<statistics>
<total>
<stat pass="2" fail="0" skip="0">All Tests</stat>
</total>
<tag>
</tag>
<suite>
<stat name="TC03-Login" id="s1" pass="2" fail="0" skip="0">TC03-Login</stat>
</suite>
</statistics>
<errors>
</errors>
</robot>
